<?xml version="1.0" encoding="UTF-8"?>
<testsuite xmlns:xsi="http://www.w3.org/2001/XMLSchema-instance" xsi:noNamespaceSchemaLocation="https://maven.apache.org/surefire/maven-surefire-plugin/xsd/surefire-test-report-3.0.xsd" version="3.0" name="TestSuite" time="44.212" tests="2" errors="0" skipped="0" failures="0">
  <properties>
    <property name="sun.desktop" value="gnome"/>
    <property name="awt.toolkit" value="sun.awt.X11.XToolkit"/>
    <property name="file.encoding.pkg" value="sun.io"/>
    <property name="java.specification.version" value="1.8"/>
    <property name="sun.cpu.isalist" value=""/>
    <property name="sun.jnu.encoding" value="UTF-8"/>
    <property name="java.class.path" value="/home/sunil/Downloads/LeafBot-master/target/test-classes:/home/sunil/Downloads/LeafBot-master/target/classes:/home/sunil/.m2/repository/junit/junit/3.8.1/junit-3.8.1.jar:/home/sunil/.m2/repository/org/seleniumhq/selenium/selenium-java/3.141.59/selenium-java-3.141.59.jar:/home/sunil/.m2/repository/org/seleniumhq/selenium/selenium-api/3.141.59/selenium-api-3.141.59.jar:/home/sunil/.m2/repository/org/seleniumhq/selenium/selenium-chrome-driver/3.141.59/selenium-chrome-driver-3.141.59.jar:/home/sunil/.m2/repository/org/seleniumhq/selenium/selenium-edge-driver/3.141.59/selenium-edge-driver-3.141.59.jar:/home/sunil/.m2/repository/org/seleniumhq/selenium/selenium-firefox-driver/3.141.59/selenium-firefox-driver-3.141.59.jar:/home/sunil/.m2/repository/org/seleniumhq/selenium/selenium-ie-driver/3.141.59/selenium-ie-driver-3.141.59.jar:/home/sunil/.m2/repository/org/seleniumhq/selenium/selenium-opera-driver/3.141.59/selenium-opera-driver-3.141.59.jar:/home/sunil/.m2/repository/org/seleniumhq/selenium/selenium-remote-driver/3.141.59/selenium-remote-driver-3.141.59.jar:/home/sunil/.m2/repository/org/seleniumhq/selenium/selenium-safari-driver/3.141.59/selenium-safari-driver-3.141.59.jar:/home/sunil/.m2/repository/org/seleniumhq/selenium/selenium-support/3.141.59/selenium-support-3.141.59.jar:/home/sunil/.m2/repository/net/bytebuddy/byte-buddy/1.8.15/byte-buddy-1.8.15.jar:/home/sunil/.m2/repository/org/apache/commons/commons-exec/1.3/commons-exec-1.3.jar:/home/sunil/.m2/repository/com/google/guava/guava/25.0-jre/guava-25.0-jre.jar:/home/sunil/.m2/repository/com/google/code/findbugs/jsr305/1.3.9/jsr305-1.3.9.jar:/home/sunil/.m2/repository/org/checkerframework/checker-compat-qual/2.0.0/checker-compat-qual-2.0.0.jar:/home/sunil/.m2/repository/com/google/errorprone/error_prone_annotations/2.1.3/error_prone_annotations-2.1.3.jar:/home/sunil/.m2/repository/com/google/j2objc/j2objc-annotations/1.1/j2objc-annotations-1.1.jar:/home/sunil/.m2/repository/org/codehaus/mojo/animal-sniffer-annotations/1.14/animal-sniffer-annotations-1.14.jar:/home/sunil/.m2/repository/com/squareup/okhttp3/okhttp/3.11.0/okhttp-3.11.0.jar:/home/sunil/.m2/repository/com/squareup/okio/okio/1.14.0/okio-1.14.0.jar:/home/sunil/.m2/repository/org/testng/testng/7.0.0/testng-7.0.0.jar:/home/sunil/.m2/repository/com/beust/jcommander/1.72/jcommander-1.72.jar:/home/sunil/.m2/repository/org/apache/poi/poi/4.1.0/poi-4.1.0.jar:/home/sunil/.m2/repository/commons-codec/commons-codec/1.12/commons-codec-1.12.jar:/home/sunil/.m2/repository/org/apache/commons/commons-collections4/4.3/commons-collections4-4.3.jar:/home/sunil/.m2/repository/org/apache/commons/commons-math3/3.6.1/commons-math3-3.6.1.jar:/home/sunil/.m2/repository/org/apache/poi/poi-ooxml/4.1.0/poi-ooxml-4.1.0.jar:/home/sunil/.m2/repository/org/apache/poi/poi-ooxml-schemas/4.1.0/poi-ooxml-schemas-4.1.0.jar:/home/sunil/.m2/repository/org/apache/xmlbeans/xmlbeans/3.1.0/xmlbeans-3.1.0.jar:/home/sunil/.m2/repository/org/apache/commons/commons-compress/1.18/commons-compress-1.18.jar:/home/sunil/.m2/repository/com/github/virtuald/curvesapi/1.06/curvesapi-1.06.jar:/home/sunil/.m2/repository/com/aventstack/extentreports/3.1.5/extentreports-3.1.5.jar:/home/sunil/.m2/repository/org/freemarker/freemarker/2.3.23/freemarker-2.3.23.jar:/home/sunil/.m2/repository/org/mongodb/mongodb-driver/3.3.0/mongodb-driver-3.3.0.jar:/home/sunil/.m2/repository/org/mongodb/bson/3.3.0/bson-3.3.0.jar:/home/sunil/.m2/repository/org/mongodb/mongodb-driver-core/3.3.0/mongodb-driver-core-3.3.0.jar:/home/sunil/.m2/repository/org/apache/httpcomponents/httpclient/4.5.2/httpclient-4.5.2.jar:/home/sunil/.m2/repository/org/apache/httpcomponents/httpcore/4.4.4/httpcore-4.4.4.jar:/home/sunil/.m2/repository/commons-logging/commons-logging/1.2/commons-logging-1.2.jar:/home/sunil/.m2/repository/org/apache/httpcomponents/httpmime/4.5.2/httpmime-4.5.2.jar:/home/sunil/.m2/repository/org/jsoup/jsoup/1.9.2/jsoup-1.9.2.jar:/home/sunil/.m2/repository/com/google/code/gson/gson/2.8.0/gson-2.8.0.jar:/home/sunil/.m2/repository/commons-io/commons-io/1.3.2/commons-io-1.3.2.jar:/home/sunil/.m2/repository/io/cucumber/cucumber-testng/4.3.1/cucumber-testng-4.3.1.jar:/home/sunil/.m2/repository/io/cucumber/cucumber-core/4.3.1/cucumber-core-4.3.1.jar:/home/sunil/.m2/repository/io/cucumber/cucumber-html/0.2.7/cucumber-html-0.2.7.jar:/home/sunil/.m2/repository/io/cucumber/gherkin/5.1.0/gherkin-5.1.0.jar:/home/sunil/.m2/repository/io/cucumber/tag-expressions/1.1.1/tag-expressions-1.1.1.jar:/home/sunil/.m2/repository/io/cucumber/cucumber-expressions/6.2.2/cucumber-expressions-6.2.2.jar:/home/sunil/.m2/repository/io/cucumber/datatable/1.1.12/datatable-1.1.12.jar:/home/sunil/.m2/repository/io/cucumber/datatable-dependencies/1.1.12/datatable-dependencies-1.1.12.jar:/home/sunil/.m2/repository/io/cucumber/cucumber-java/4.3.1/cucumber-java-4.3.1.jar:"/>
    <property name="java.vm.vendor" value="Private Build"/>
    <property name="sun.arch.data.model" value="64"/>
    <property name="java.vendor.url" value="http://java.oracle.com/"/>
    <property name="user.timezone" value=""/>
    <property name="java.vm.specification.version" value="1.8"/>
    <property name="os.name" value="Linux"/>
    <property name="user.country" value="IN"/>
    <property name="sun.java.launcher" value="SUN_STANDARD"/>
    <property name="sun.boot.library.path" value="/usr/lib/jvm/java-8-openjdk-amd64/jre/lib/amd64"/>
    <property name="sun.java.command" value="/home/sunil/Downloads/LeafBot-master/target/surefire/surefirebooter6984968744608664016.jar /home/sunil/Downloads/LeafBot-master/target/surefire 2020-02-02T11-26-49_934-jvmRun1 surefire4418116561989646344tmp surefire_06907711096978154559tmp"/>
    <property name="surefire.test.class.path" value="/home/sunil/Downloads/LeafBot-master/target/test-classes:/home/sunil/Downloads/LeafBot-master/target/classes:/home/sunil/.m2/repository/junit/junit/3.8.1/junit-3.8.1.jar:/home/sunil/.m2/repository/org/seleniumhq/selenium/selenium-java/3.141.59/selenium-java-3.141.59.jar:/home/sunil/.m2/repository/org/seleniumhq/selenium/selenium-api/3.141.59/selenium-api-3.141.59.jar:/home/sunil/.m2/repository/org/seleniumhq/selenium/selenium-chrome-driver/3.141.59/selenium-chrome-driver-3.141.59.jar:/home/sunil/.m2/repository/org/seleniumhq/selenium/selenium-edge-driver/3.141.59/selenium-edge-driver-3.141.59.jar:/home/sunil/.m2/repository/org/seleniumhq/selenium/selenium-firefox-driver/3.141.59/selenium-firefox-driver-3.141.59.jar:/home/sunil/.m2/repository/org/seleniumhq/selenium/selenium-ie-driver/3.141.59/selenium-ie-driver-3.141.59.jar:/home/sunil/.m2/repository/org/seleniumhq/selenium/selenium-opera-driver/3.141.59/selenium-opera-driver-3.141.59.jar:/home/sunil/.m2/repository/org/seleniumhq/selenium/selenium-remote-driver/3.141.59/selenium-remote-driver-3.141.59.jar:/home/sunil/.m2/repository/org/seleniumhq/selenium/selenium-safari-driver/3.141.59/selenium-safari-driver-3.141.59.jar:/home/sunil/.m2/repository/org/seleniumhq/selenium/selenium-support/3.141.59/selenium-support-3.141.59.jar:/home/sunil/.m2/repository/net/bytebuddy/byte-buddy/1.8.15/byte-buddy-1.8.15.jar:/home/sunil/.m2/repository/org/apache/commons/commons-exec/1.3/commons-exec-1.3.jar:/home/sunil/.m2/repository/com/google/guava/guava/25.0-jre/guava-25.0-jre.jar:/home/sunil/.m2/repository/com/google/code/findbugs/jsr305/1.3.9/jsr305-1.3.9.jar:/home/sunil/.m2/repository/org/checkerframework/checker-compat-qual/2.0.0/checker-compat-qual-2.0.0.jar:/home/sunil/.m2/repository/com/google/errorprone/error_prone_annotations/2.1.3/error_prone_annotations-2.1.3.jar:/home/sunil/.m2/repository/com/google/j2objc/j2objc-annotations/1.1/j2objc-annotations-1.1.jar:/home/sunil/.m2/repository/org/codehaus/mojo/animal-sniffer-annotations/1.14/animal-sniffer-annotations-1.14.jar:/home/sunil/.m2/repository/com/squareup/okhttp3/okhttp/3.11.0/okhttp-3.11.0.jar:/home/sunil/.m2/repository/com/squareup/okio/okio/1.14.0/okio-1.14.0.jar:/home/sunil/.m2/repository/org/testng/testng/7.0.0/testng-7.0.0.jar:/home/sunil/.m2/repository/com/beust/jcommander/1.72/jcommander-1.72.jar:/home/sunil/.m2/repository/org/apache/poi/poi/4.1.0/poi-4.1.0.jar:/home/sunil/.m2/repository/commons-codec/commons-codec/1.12/commons-codec-1.12.jar:/home/sunil/.m2/repository/org/apache/commons/commons-collections4/4.3/commons-collections4-4.3.jar:/home/sunil/.m2/repository/org/apache/commons/commons-math3/3.6.1/commons-math3-3.6.1.jar:/home/sunil/.m2/repository/org/apache/poi/poi-ooxml/4.1.0/poi-ooxml-4.1.0.jar:/home/sunil/.m2/repository/org/apache/poi/poi-ooxml-schemas/4.1.0/poi-ooxml-schemas-4.1.0.jar:/home/sunil/.m2/repository/org/apache/xmlbeans/xmlbeans/3.1.0/xmlbeans-3.1.0.jar:/home/sunil/.m2/repository/org/apache/commons/commons-compress/1.18/commons-compress-1.18.jar:/home/sunil/.m2/repository/com/github/virtuald/curvesapi/1.06/curvesapi-1.06.jar:/home/sunil/.m2/repository/com/aventstack/extentreports/3.1.5/extentreports-3.1.5.jar:/home/sunil/.m2/repository/org/freemarker/freemarker/2.3.23/freemarker-2.3.23.jar:/home/sunil/.m2/repository/org/mongodb/mongodb-driver/3.3.0/mongodb-driver-3.3.0.jar:/home/sunil/.m2/repository/org/mongodb/bson/3.3.0/bson-3.3.0.jar:/home/sunil/.m2/repository/org/mongodb/mongodb-driver-core/3.3.0/mongodb-driver-core-3.3.0.jar:/home/sunil/.m2/repository/org/apache/httpcomponents/httpclient/4.5.2/httpclient-4.5.2.jar:/home/sunil/.m2/repository/org/apache/httpcomponents/httpcore/4.4.4/httpcore-4.4.4.jar:/home/sunil/.m2/repository/commons-logging/commons-logging/1.2/commons-logging-1.2.jar:/home/sunil/.m2/repository/org/apache/httpcomponents/httpmime/4.5.2/httpmime-4.5.2.jar:/home/sunil/.m2/repository/org/jsoup/jsoup/1.9.2/jsoup-1.9.2.jar:/home/sunil/.m2/repository/com/google/code/gson/gson/2.8.0/gson-2.8.0.jar:/home/sunil/.m2/repository/commons-io/commons-io/1.3.2/commons-io-1.3.2.jar:/home/sunil/.m2/repository/io/cucumber/cucumber-testng/4.3.1/cucumber-testng-4.3.1.jar:/home/sunil/.m2/repository/io/cucumber/cucumber-core/4.3.1/cucumber-core-4.3.1.jar:/home/sunil/.m2/repository/io/cucumber/cucumber-html/0.2.7/cucumber-html-0.2.7.jar:/home/sunil/.m2/repository/io/cucumber/gherkin/5.1.0/gherkin-5.1.0.jar:/home/sunil/.m2/repository/io/cucumber/tag-expressions/1.1.1/tag-expressions-1.1.1.jar:/home/sunil/.m2/repository/io/cucumber/cucumber-expressions/6.2.2/cucumber-expressions-6.2.2.jar:/home/sunil/.m2/repository/io/cucumber/datatable/1.1.12/datatable-1.1.12.jar:/home/sunil/.m2/repository/io/cucumber/datatable-dependencies/1.1.12/datatable-dependencies-1.1.12.jar:/home/sunil/.m2/repository/io/cucumber/cucumber-java/4.3.1/cucumber-java-4.3.1.jar:"/>
    <property name="sun.cpu.endian" value="little"/>
    <property name="user.home" value="/home/sunil"/>
    <property name="user.language" value="en"/>
    <property name="java.specification.vendor" value="Oracle Corporation"/>
    <property name="java.home" value="/usr/lib/jvm/java-8-openjdk-amd64/jre"/>
    <property name="basedir" value="/home/sunil/Downloads/LeafBot-master"/>
    <property name="file.separator" value="/"/>
    <property name="line.separator" value="&#10;"/>
    <property name="java.vm.specification.vendor" value="Oracle Corporation"/>
    <property name="java.specification.name" value="Java Platform API Specification"/>
    <property name="java.awt.graphicsenv" value="sun.awt.X11GraphicsEnvironment"/>
    <property name="surefire.real.class.path" value="/home/sunil/Downloads/LeafBot-master/target/surefire/surefirebooter6984968744608664016.jar"/>
    <property name="sun.boot.class.path" value="/usr/lib/jvm/java-8-openjdk-amd64/jre/lib/resources.jar:/usr/lib/jvm/java-8-openjdk-amd64/jre/lib/rt.jar:/usr/lib/jvm/java-8-openjdk-amd64/jre/lib/sunrsasign.jar:/usr/lib/jvm/java-8-openjdk-amd64/jre/lib/jsse.jar:/usr/lib/jvm/java-8-openjdk-amd64/jre/lib/jce.jar:/usr/lib/jvm/java-8-openjdk-amd64/jre/lib/charsets.jar:/usr/lib/jvm/java-8-openjdk-amd64/jre/lib/jfr.jar:/usr/lib/jvm/java-8-openjdk-amd64/jre/classes"/>
    <property name="sun.management.compiler" value="HotSpot 64-Bit Tiered Compilers"/>
    <property name="java.runtime.version" value="1.8.0_232-8u232-b09-0ubuntu1~18.04.1-b09"/>
    <property name="user.name" value="sunil"/>
    <property name="path.separator" value=":"/>
    <property name="os.version" value="4.15.0-1065-oem"/>
    <property name="java.endorsed.dirs" value="/usr/lib/jvm/java-8-openjdk-amd64/jre/lib/endorsed"/>
    <property name="java.runtime.name" value="OpenJDK Runtime Environment"/>
    <property name="file.encoding" value="UTF-8"/>
    <property name="java.vm.name" value="OpenJDK 64-Bit Server VM"/>
    <property name="localRepository" value="/home/sunil/.m2/repository"/>
    <property name="java.vendor.url.bug" value="http://bugreport.sun.com/bugreport/"/>
    <property name="java.io.tmpdir" value="/tmp"/>
    <property name="java.version" value="1.8.0_232"/>
    <property name="user.dir" value="/home/sunil/Downloads/LeafBot-master"/>
    <property name="os.arch" value="amd64"/>
    <property name="java.vm.specification.name" value="Java Virtual Machine Specification"/>
    <property name="java.awt.printerjob" value="sun.print.PSPrinterJob"/>
    <property name="sun.os.patch.level" value="unknown"/>
    <property name="java.library.path" value="/usr/java/packages/lib/amd64:/usr/lib/x86_64-linux-gnu/jni:/lib/x86_64-linux-gnu:/usr/lib/x86_64-linux-gnu:/usr/lib/jni:/lib:/usr/lib"/>
    <property name="java.vm.info" value="mixed mode"/>
    <property name="java.vendor" value="Private Build"/>
    <property name="java.vm.version" value="25.232-b09"/>
    <property name="java.ext.dirs" value="/usr/lib/jvm/java-8-openjdk-amd64/jre/lib/ext:/usr/java/packages/lib/ext"/>
    <property name="sun.io.unicode.encoding" value="UnicodeLittle"/>
    <property name="java.class.version" value="52.0"/>
  </properties>
  <testcase name="createLead" classname="com.leafBot.testcases.TC003_CreateLead" time="16.6"/>
  <testcase name="createLead" classname="com.leafBot.testcases.TC003_CreateLead" time="13.874"/>
</testsuite>