<?xml version="1.0" encoding="UTF-8"?>
<!-- Generated by org.testng.reporters.JUnitReportReporter -->
<testsuite skipped="0" hostname="sunil-Inspiron-3481" name="com.leafBot.testcases.TC004_EditLead" tests="1" failures="0" timestamp="2020-02-01T11:34:26 IST" time="27.797" errors="0">
  <testcase name="editLead" time="27.797" classname="com.leafBot.testcases.TC004_EditLead"/>
</testsuite> <!-- com.leafBot.testcases.TC004_EditLead -->
