<?xml version="1.0" encoding="UTF-8"?>
<!-- Generated by org.testng.reporters.JUnitReportReporter -->
<testsuite skipped="0" hostname="sunil-Inspiron-3481" name="com.leafBot.testcases.TC003_CreateLead" tests="2" failures="0" timestamp="2020-02-02T11:27:43 IST" time="40.399" errors="0">
  <testcase name="createLead" time="21.180" classname="com.leafBot.testcases.TC003_CreateLead"/>
  <testcase name="createLead" time="19.219" classname="com.leafBot.testcases.TC003_CreateLead"/>
</testsuite> <!-- com.leafBot.testcases.TC003_CreateLead -->
